<?xml version="1.0" encoding="UTF-8"?>
<testsuite xmlns:xsi="http://www.w3.org/2001/XMLSchema-instance" xsi:noNamespaceSchemaLocation="https://maven.apache.org/surefire/maven-surefire-plugin/xsd/surefire-test-report.xsd" name="br.unicamp.ic.inf335.app.TRABALHO4.AppTest" time="0.01" tests="1" errors="0" skipped="0" failures="0">
  <properties>
    <property name="java.specification.version" value="17"/>
    <property name="sun.jnu.encoding" value="UTF-8"/>
    <property name="java.class.path" value="/home/lbrondon/ambientes_concp_software/TRABALHO4/target/test-classes:/home/lbrondon/ambientes_concp_software/TRABALHO4/target/classes:/home/lbrondon/.m2/repository/junit/junit/3.8.1/junit-3.8.1.jar:"/>
    <property name="java.vm.vendor" value="Eclipse Adoptium"/>
    <property name="sun.arch.data.model" value="64"/>
    <property name="java.vendor.url" value="https://adoptium.net/"/>
    <property name="os.name" value="Linux"/>
    <property name="java.vm.specification.version" value="17"/>
    <property name="sun.java.launcher" value="SUN_STANDARD"/>
    <property name="user.country" value="BR"/>
    <property name="sun.boot.library.path" value="/snap/eclipse/66/plugins/org.eclipse.justj.openjdk.hotspot.jre.full.linux.x86_64_17.0.5.v20221102-0933/jre/lib"/>
    <property name="sun.java.command" value="/home/lbrondon/ambientes_concp_software/TRABALHO4/target/surefire/surefirebooter17170928778021382484.jar /home/lbrondon/ambientes_concp_software/TRABALHO4/target/surefire 2023-05-05T00-35-02_926-jvmRun1 surefire17222732986738721550tmp surefire_017031705438973108526tmp"/>
    <property name="jdk.debug" value="release"/>
    <property name="surefire.test.class.path" value="/home/lbrondon/ambientes_concp_software/TRABALHO4/target/test-classes:/home/lbrondon/ambientes_concp_software/TRABALHO4/target/classes:/home/lbrondon/.m2/repository/junit/junit/3.8.1/junit-3.8.1.jar:"/>
    <property name="sun.cpu.endian" value="little"/>
    <property name="user.home" value="/home/lbrondon"/>
    <property name="user.language" value="pt"/>
    <property name="java.specification.vendor" value="Oracle Corporation"/>
    <property name="java.version.date" value="2022-10-18"/>
    <property name="java.home" value="/snap/eclipse/66/plugins/org.eclipse.justj.openjdk.hotspot.jre.full.linux.x86_64_17.0.5.v20221102-0933/jre"/>
    <property name="file.separator" value="/"/>
    <property name="style.color" value="always"/>
    <property name="basedir" value="/home/lbrondon/ambientes_concp_software/TRABALHO4"/>
    <property name="java.vm.compressedOopsMode" value="32-bit"/>
    <property name="line.separator" value="&#10;"/>
    <property name="java.vm.specification.vendor" value="Oracle Corporation"/>
    <property name="java.specification.name" value="Java Platform API Specification"/>
    <property name="surefire.real.class.path" value="/home/lbrondon/ambientes_concp_software/TRABALHO4/target/surefire/surefirebooter17170928778021382484.jar"/>
    <property name="sun.management.compiler" value="HotSpot 64-Bit Tiered Compilers"/>
    <property name="java.runtime.version" value="17.0.5+8"/>
    <property name="user.name" value="lbrondon"/>
    <property name="path.separator" value=":"/>
    <property name="os.version" value="5.11.0-41-generic"/>
    <property name="java.runtime.name" value="OpenJDK Runtime Environment"/>
    <property name="file.encoding" value="UTF-8"/>
    <property name="java.vm.name" value="OpenJDK 64-Bit Server VM"/>
    <property name="java.vendor.version" value="Temurin-17.0.5+8"/>
    <property name="localRepository" value="/home/lbrondon/.m2/repository"/>
    <property name="java.vendor.url.bug" value="https://github.com/adoptium/adoptium-support/issues"/>
    <property name="java.io.tmpdir" value="/tmp"/>
    <property name="java.version" value="17.0.5"/>
    <property name="user.dir" value="/home/lbrondon/ambientes_concp_software/TRABALHO4"/>
    <property name="os.arch" value="amd64"/>
    <property name="java.vm.specification.name" value="Java Virtual Machine Specification"/>
    <property name="native.encoding" value="UTF-8"/>
    <property name="java.library.path" value="/usr/java/packages/lib:/usr/lib64:/lib64:/lib:/usr/lib"/>
    <property name="java.vm.info" value="mixed mode"/>
    <property name="java.vendor" value="Eclipse Adoptium"/>
    <property name="java.vm.version" value="17.0.5+8"/>
    <property name="sun.io.unicode.encoding" value="UnicodeLittle"/>
    <property name="java.class.version" value="61.0"/>
  </properties>
  <testcase name="testApp" classname="br.unicamp.ic.inf335.app.TRABALHO4.AppTest" time="0.002"/>
</testsuite>